{"C:\\GitHub\\Pascal-Schmidiger\\MLZ\\src\\services\\ApiService.js": {"path":"C:\\GitHub\\Pascal-Schmidiger\\MLZ\\src\\services\\ApiService.js","statementMap":{"0":{"start":{"line":3,"column":4},"end":{"line":3,"column":27}},"1":{"start":{"line":8,"column":21},"end":{"line":8,"column":67}},"2":{"start":{"line":10,"column":4},"end":{"line":12,"column":5}},"3":{"start":{"line":11,"column":6},"end":{"line":11,"column":81}},"4":{"start":{"line":13,"column":4},"end":{"line":13,"column":27}},"5":{"start":{"line":20,"column":4},"end":{"line":20,"column":43}},"6":{"start":{"line":24,"column":4},"end":{"line":30,"column":7}},"7":{"start":{"line":34,"column":4},"end":{"line":40,"column":7}},"8":{"start":{"line":44,"column":4},"end":{"line":46,"column":7}},"9":{"start":{"line":53,"column":4},"end":{"line":53,"column":42}},"10":{"start":{"line":57,"column":4},"end":{"line":63,"column":7}},"11":{"start":{"line":67,"column":4},"end":{"line":73,"column":7}},"12":{"start":{"line":77,"column":4},"end":{"line":79,"column":7}},"13":{"start":{"line":86,"column":4},"end":{"line":86,"column":40}},"14":{"start":{"line":93,"column":4},"end":{"line":93,"column":43}},"15":{"start":{"line":97,"column":4},"end":{"line":103,"column":7}},"16":{"start":{"line":107,"column":4},"end":{"line":113,"column":7}},"17":{"start":{"line":117,"column":4},"end":{"line":119,"column":7}},"18":{"start":{"line":126,"column":4},"end":{"line":126,"column":45}},"19":{"start":{"line":130,"column":4},"end":{"line":136,"column":7}},"20":{"start":{"line":140,"column":4},"end":{"line":146,"column":7}},"21":{"start":{"line":150,"column":4},"end":{"line":152,"column":7}},"22":{"start":{"line":158,"column":21},"end":{"line":158,"column":45}},"23":{"start":{"line":159,"column":20},"end":{"line":159,"column":43}},"24":{"start":{"line":160,"column":21},"end":{"line":160,"column":45}},"25":{"start":{"line":161,"column":23},"end":{"line":161,"column":49}},"26":{"start":{"line":163,"column":4},"end":{"line":166,"column":5}},"27":{"start":{"line":164,"column":6},"end":{"line":164,"column":77}},"28":{"start":{"line":165,"column":6},"end":{"line":165,"column":28}},"29":{"start":{"line":168,"column":4},"end":{"line":171,"column":5}},"30":{"start":{"line":169,"column":6},"end":{"line":169,"column":74}},"31":{"start":{"line":170,"column":6},"end":{"line":170,"column":28}},"32":{"start":{"line":173,"column":4},"end":{"line":176,"column":5}},"33":{"start":{"line":174,"column":6},"end":{"line":174,"column":74}},"34":{"start":{"line":175,"column":6},"end":{"line":175,"column":28}},"35":{"start":{"line":178,"column":4},"end":{"line":181,"column":5}},"36":{"start":{"line":179,"column":6},"end":{"line":179,"column":72}},"37":{"start":{"line":180,"column":6},"end":{"line":180,"column":28}},"38":{"start":{"line":185,"column":4},"end":{"line":185,"column":61}},"39":{"start":{"line":185,"column":36},"end":{"line":185,"column":59}}},"fnMap":{"0":{"name":"(anonymous_0)","decl":{"start":{"line":2,"column":2},"end":{"line":2,"column":3}},"loc":{"start":{"line":2,"column":49},"end":{"line":4,"column":3}},"line":2},"1":{"name":"(anonymous_1)","decl":{"start":{"line":7,"column":2},"end":{"line":7,"column":3}},"loc":{"start":{"line":7,"column":36},"end":{"line":14,"column":3}},"line":7},"2":{"name":"(anonymous_2)","decl":{"start":{"line":19,"column":2},"end":{"line":19,"column":3}},"loc":{"start":{"line":19,"column":22},"end":{"line":21,"column":3}},"line":19},"3":{"name":"(anonymous_3)","decl":{"start":{"line":23,"column":2},"end":{"line":23,"column":3}},"loc":{"start":{"line":23,"column":35},"end":{"line":31,"column":3}},"line":23},"4":{"name":"(anonymous_4)","decl":{"start":{"line":33,"column":2},"end":{"line":33,"column":3}},"loc":{"start":{"line":33,"column":44},"end":{"line":41,"column":3}},"line":33},"5":{"name":"(anonymous_5)","decl":{"start":{"line":43,"column":2},"end":{"line":43,"column":3}},"loc":{"start":{"line":43,"column":33},"end":{"line":47,"column":3}},"line":43},"6":{"name":"(anonymous_6)","decl":{"start":{"line":52,"column":2},"end":{"line":52,"column":3}},"loc":{"start":{"line":52,"column":21},"end":{"line":54,"column":3}},"line":52},"7":{"name":"(anonymous_7)","decl":{"start":{"line":56,"column":2},"end":{"line":56,"column":3}},"loc":{"start":{"line":56,"column":33},"end":{"line":64,"column":3}},"line":56},"8":{"name":"(anonymous_8)","decl":{"start":{"line":66,"column":2},"end":{"line":66,"column":3}},"loc":{"start":{"line":66,"column":41},"end":{"line":74,"column":3}},"line":66},"9":{"name":"(anonymous_9)","decl":{"start":{"line":76,"column":2},"end":{"line":76,"column":3}},"loc":{"start":{"line":76,"column":31},"end":{"line":80,"column":3}},"line":76},"10":{"name":"(anonymous_10)","decl":{"start":{"line":85,"column":2},"end":{"line":85,"column":3}},"loc":{"start":{"line":85,"column":19},"end":{"line":87,"column":3}},"line":85},"11":{"name":"(anonymous_11)","decl":{"start":{"line":92,"column":2},"end":{"line":92,"column":3}},"loc":{"start":{"line":92,"column":22},"end":{"line":94,"column":3}},"line":92},"12":{"name":"(anonymous_12)","decl":{"start":{"line":96,"column":2},"end":{"line":96,"column":3}},"loc":{"start":{"line":96,"column":35},"end":{"line":104,"column":3}},"line":96},"13":{"name":"(anonymous_13)","decl":{"start":{"line":106,"column":2},"end":{"line":106,"column":3}},"loc":{"start":{"line":106,"column":44},"end":{"line":114,"column":3}},"line":106},"14":{"name":"(anonymous_14)","decl":{"start":{"line":116,"column":2},"end":{"line":116,"column":3}},"loc":{"start":{"line":116,"column":33},"end":{"line":120,"column":3}},"line":116},"15":{"name":"(anonymous_15)","decl":{"start":{"line":125,"column":2},"end":{"line":125,"column":3}},"loc":{"start":{"line":125,"column":24},"end":{"line":127,"column":3}},"line":125},"16":{"name":"(anonymous_16)","decl":{"start":{"line":129,"column":2},"end":{"line":129,"column":3}},"loc":{"start":{"line":129,"column":37},"end":{"line":137,"column":3}},"line":129},"17":{"name":"(anonymous_17)","decl":{"start":{"line":139,"column":2},"end":{"line":139,"column":3}},"loc":{"start":{"line":139,"column":47},"end":{"line":147,"column":3}},"line":139},"18":{"name":"(anonymous_18)","decl":{"start":{"line":149,"column":2},"end":{"line":149,"column":3}},"loc":{"start":{"line":149,"column":35},"end":{"line":153,"column":3}},"line":149},"19":{"name":"(anonymous_19)","decl":{"start":{"line":157,"column":2},"end":{"line":157,"column":3}},"loc":{"start":{"line":157,"column":24},"end":{"line":182,"column":3}},"line":157},"20":{"name":"(anonymous_20)","decl":{"start":{"line":184,"column":2},"end":{"line":184,"column":3}},"loc":{"start":{"line":184,"column":12},"end":{"line":186,"column":3}},"line":184},"21":{"name":"(anonymous_21)","decl":{"start":{"line":185,"column":23},"end":{"line":185,"column":24}},"loc":{"start":{"line":185,"column":36},"end":{"line":185,"column":59}},"line":185}},"branchMap":{"0":{"loc":{"start":{"line":2,"column":14},"end":{"line":2,"column":47}},"type":"default-arg","locations":[{"start":{"line":2,"column":24},"end":{"line":2,"column":47}}],"line":2},"1":{"loc":{"start":{"line":7,"column":22},"end":{"line":7,"column":34}},"type":"default-arg","locations":[{"start":{"line":7,"column":32},"end":{"line":7,"column":34}}],"line":7},"2":{"loc":{"start":{"line":10,"column":4},"end":{"line":12,"column":5}},"type":"if","locations":[{"start":{"line":10,"column":4},"end":{"line":12,"column":5}},{"start":{},"end":{}}],"line":10}},"s":{"0":4,"1":4,"2":4,"3":1,"4":3,"5":1,"6":1,"7":1,"8":1,"9":0,"10":0,"11":0,"12":0,"13":0,"14":0,"15":0,"16":0,"17":0,"18":0,"19":0,"20":0,"21":0,"22":0,"23":0,"24":0,"25":0,"26":0,"27":0,"28":0,"29":0,"30":0,"31":0,"32":0,"33":0,"34":0,"35":0,"36":0,"37":0,"38":0,"39":0},"f":{"0":4,"1":4,"2":1,"3":1,"4":1,"5":1,"6":0,"7":0,"8":0,"9":0,"10":0,"11":0,"12":0,"13":0,"14":0,"15":0,"16":0,"17":0,"18":0,"19":0,"20":0,"21":0},"b":{"0":[0],"1":[1],"2":[1,3]},"_coverageSchema":"1a1c01bbd47fc00a2c39e90264f33305004495a9","hash":"a6886fb3bec2a10c8556ac6c0b245a2b1f3de621"}
,"C:\\GitHub\\Pascal-Schmidiger\\MLZ\\src\\ui\\uiPreferences.js": {"path":"C:\\GitHub\\Pascal-Schmidiger\\MLZ\\src\\ui\\uiPreferences.js","statementMap":{"0":{"start":{"line":1,"column":20},"end":{"line":1,"column":59}},"1":{"start":{"line":2,"column":23},"end":{"line":2,"column":66}},"2":{"start":{"line":3,"column":26},"end":{"line":3,"column":33}},"3":{"start":{"line":4,"column":25},"end":{"line":4,"column":36}},"4":{"start":{"line":7,"column":2},"end":{"line":7,"column":61}},"5":{"start":{"line":8,"column":2},"end":{"line":8,"column":41}},"6":{"start":{"line":12,"column":21},"end":{"line":12,"column":60}},"7":{"start":{"line":13,"column":16},"end":{"line":13,"column":56}},"8":{"start":{"line":14,"column":2},"end":{"line":14,"column":20}},"9":{"start":{"line":18,"column":16},"end":{"line":18,"column":54}},"10":{"start":{"line":19,"column":2},"end":{"line":19,"column":20}},"11":{"start":{"line":20,"column":2},"end":{"line":20,"column":49}},"12":{"start":{"line":24,"column":2},"end":{"line":42,"column":4}},"13":{"start":{"line":46,"column":28},"end":{"line":46,"column":66}},"14":{"start":{"line":48,"column":2},"end":{"line":50,"column":3}},"15":{"start":{"line":49,"column":4},"end":{"line":49,"column":11}},"16":{"start":{"line":52,"column":21},"end":{"line":52,"column":25}},"17":{"start":{"line":54,"column":2},"end":{"line":59,"column":3}},"18":{"start":{"line":55,"column":4},"end":{"line":55,"column":49}},"19":{"start":{"line":57,"column":4},"end":{"line":57,"column":46}},"20":{"start":{"line":58,"column":4},"end":{"line":58,"column":11}},"21":{"start":{"line":61,"column":2},"end":{"line":61,"column":86}},"22":{"start":{"line":62,"column":2},"end":{"line":62,"column":116}},"23":{"start":{"line":63,"column":2},"end":{"line":63,"column":114}},"24":{"start":{"line":64,"column":2},"end":{"line":64,"column":110}},"25":{"start":{"line":65,"column":2},"end":{"line":65,"column":111}},"26":{"start":{"line":66,"column":2},"end":{"line":66,"column":84}},"27":{"start":{"line":67,"column":2},"end":{"line":67,"column":108}},"28":{"start":{"line":68,"column":2},"end":{"line":68,"column":112}},"29":{"start":{"line":69,"column":2},"end":{"line":70,"column":57}},"30":{"start":{"line":71,"column":2},"end":{"line":71,"column":112}},"31":{"start":{"line":72,"column":2},"end":{"line":72,"column":82}},"32":{"start":{"line":73,"column":2},"end":{"line":73,"column":106}},"33":{"start":{"line":74,"column":2},"end":{"line":74,"column":112}},"34":{"start":{"line":75,"column":2},"end":{"line":76,"column":56}},"35":{"start":{"line":77,"column":2},"end":{"line":77,"column":110}},"36":{"start":{"line":81,"column":2},"end":{"line":81,"column":66}},"37":{"start":{"line":82,"column":2},"end":{"line":85,"column":5}},"38":{"start":{"line":83,"column":4},"end":{"line":83,"column":78}},"39":{"start":{"line":84,"column":4},"end":{"line":84,"column":67}},"40":{"start":{"line":87,"column":2},"end":{"line":87,"column":19}},"41":{"start":{"line":88,"column":2},"end":{"line":88,"column":27}}},"fnMap":{"0":{"name":"applyTheme","decl":{"start":{"line":6,"column":9},"end":{"line":6,"column":19}},"loc":{"start":{"line":6,"column":27},"end":{"line":9,"column":1}},"line":6},"1":{"name":"loadSavedTheme","decl":{"start":{"line":11,"column":9},"end":{"line":11,"column":23}},"loc":{"start":{"line":11,"column":26},"end":{"line":15,"column":1}},"line":11},"2":{"name":"handleThemeToggleChange","decl":{"start":{"line":17,"column":9},"end":{"line":17,"column":32}},"loc":{"start":{"line":17,"column":35},"end":{"line":21,"column":1}},"line":17},"3":{"name":"getViewSettings","decl":{"start":{"line":23,"column":9},"end":{"line":23,"column":24}},"loc":{"start":{"line":23,"column":27},"end":{"line":43,"column":1}},"line":23},"4":{"name":"applySavedViewSettings","decl":{"start":{"line":45,"column":9},"end":{"line":45,"column":31}},"loc":{"start":{"line":45,"column":34},"end":{"line":78,"column":1}},"line":45},"5":{"name":"initUiPreferences","decl":{"start":{"line":80,"column":16},"end":{"line":80,"column":33}},"loc":{"start":{"line":80,"column":50},"end":{"line":89,"column":1}},"line":80},"6":{"name":"(anonymous_6)","decl":{"start":{"line":82,"column":43},"end":{"line":82,"column":44}},"loc":{"start":{"line":82,"column":49},"end":{"line":85,"column":3}},"line":82}},"branchMap":{"0":{"loc":{"start":{"line":13,"column":16},"end":{"line":13,"column":56}},"type":"cond-expr","locations":[{"start":{"line":13,"column":40},"end":{"line":13,"column":46}},{"start":{"line":13,"column":49},"end":{"line":13,"column":56}}],"line":13},"1":{"loc":{"start":{"line":18,"column":16},"end":{"line":18,"column":54}},"type":"cond-expr","locations":[{"start":{"line":18,"column":38},"end":{"line":18,"column":44}},{"start":{"line":18,"column":47},"end":{"line":18,"column":54}}],"line":18},"2":{"loc":{"start":{"line":25,"column":20},"end":{"line":25,"column":74}},"type":"binary-expr","locations":[{"start":{"line":25,"column":20},"end":{"line":25,"column":68}},{"start":{"line":25,"column":72},"end":{"line":25,"column":74}}],"line":25},"3":{"loc":{"start":{"line":26,"column":28},"end":{"line":26,"column":105}},"type":"binary-expr","locations":[{"start":{"line":26,"column":28},"end":{"line":26,"column":96}},{"start":{"line":26,"column":100},"end":{"line":26,"column":105}}],"line":26},"4":{"loc":{"start":{"line":27,"column":27},"end":{"line":27,"column":103}},"type":"binary-expr","locations":[{"start":{"line":27,"column":27},"end":{"line":27,"column":94}},{"start":{"line":27,"column":98},"end":{"line":27,"column":103}}],"line":27},"5":{"loc":{"start":{"line":28,"column":25},"end":{"line":28,"column":99}},"type":"binary-expr","locations":[{"start":{"line":28,"column":25},"end":{"line":28,"column":90}},{"start":{"line":28,"column":94},"end":{"line":28,"column":99}}],"line":28},"6":{"loc":{"start":{"line":29,"column":25},"end":{"line":29,"column":99}},"type":"binary-expr","locations":[{"start":{"line":29,"column":25},"end":{"line":29,"column":90}},{"start":{"line":29,"column":94},"end":{"line":29,"column":99}}],"line":29},"7":{"loc":{"start":{"line":30,"column":19},"end":{"line":30,"column":72}},"type":"binary-expr","locations":[{"start":{"line":30,"column":19},"end":{"line":30,"column":66}},{"start":{"line":30,"column":70},"end":{"line":30,"column":72}}],"line":30},"8":{"loc":{"start":{"line":31,"column":24},"end":{"line":31,"column":97}},"type":"binary-expr","locations":[{"start":{"line":31,"column":24},"end":{"line":31,"column":88}},{"start":{"line":31,"column":92},"end":{"line":31,"column":97}}],"line":31},"9":{"loc":{"start":{"line":32,"column":26},"end":{"line":32,"column":101}},"type":"binary-expr","locations":[{"start":{"line":32,"column":26},"end":{"line":32,"column":92}},{"start":{"line":32,"column":96},"end":{"line":32,"column":101}}],"line":32},"10":{"loc":{"start":{"line":34,"column":6},"end":{"line":34,"column":93}},"type":"binary-expr","locations":[{"start":{"line":34,"column":6},"end":{"line":34,"column":84}},{"start":{"line":34,"column":88},"end":{"line":34,"column":93}}],"line":34},"11":{"loc":{"start":{"line":35,"column":26},"end":{"line":35,"column":101}},"type":"binary-expr","locations":[{"start":{"line":35,"column":26},"end":{"line":35,"column":92}},{"start":{"line":35,"column":96},"end":{"line":35,"column":101}}],"line":35},"12":{"loc":{"start":{"line":36,"column":18},"end":{"line":36,"column":70}},"type":"binary-expr","locations":[{"start":{"line":36,"column":18},"end":{"line":36,"column":64}},{"start":{"line":36,"column":68},"end":{"line":36,"column":70}}],"line":36},"13":{"loc":{"start":{"line":37,"column":23},"end":{"line":37,"column":95}},"type":"binary-expr","locations":[{"start":{"line":37,"column":23},"end":{"line":37,"column":86}},{"start":{"line":37,"column":90},"end":{"line":37,"column":95}}],"line":37},"14":{"loc":{"start":{"line":38,"column":26},"end":{"line":38,"column":101}},"type":"binary-expr","locations":[{"start":{"line":38,"column":26},"end":{"line":38,"column":92}},{"start":{"line":38,"column":96},"end":{"line":38,"column":101}}],"line":38},"15":{"loc":{"start":{"line":40,"column":6},"end":{"line":40,"column":92}},"type":"binary-expr","locations":[{"start":{"line":40,"column":6},"end":{"line":40,"column":83}},{"start":{"line":40,"column":87},"end":{"line":40,"column":92}}],"line":40},"16":{"loc":{"start":{"line":41,"column":25},"end":{"line":41,"column":99}},"type":"binary-expr","locations":[{"start":{"line":41,"column":25},"end":{"line":41,"column":90}},{"start":{"line":41,"column":94},"end":{"line":41,"column":99}}],"line":41},"17":{"loc":{"start":{"line":48,"column":2},"end":{"line":50,"column":3}},"type":"if","locations":[{"start":{"line":48,"column":2},"end":{"line":50,"column":3}},{"start":{},"end":{}}],"line":48},"18":{"loc":{"start":{"line":61,"column":52},"end":{"line":61,"column":85}},"type":"binary-expr","locations":[{"start":{"line":61,"column":52},"end":{"line":61,"column":79}},{"start":{"line":61,"column":83},"end":{"line":61,"column":85}}],"line":61},"19":{"loc":{"start":{"line":62,"column":72},"end":{"line":62,"column":115}},"type":"binary-expr","locations":[{"start":{"line":62,"column":72},"end":{"line":62,"column":107}},{"start":{"line":62,"column":111},"end":{"line":62,"column":115}}],"line":62},"20":{"loc":{"start":{"line":63,"column":71},"end":{"line":63,"column":113}},"type":"binary-expr","locations":[{"start":{"line":63,"column":71},"end":{"line":63,"column":105}},{"start":{"line":63,"column":109},"end":{"line":63,"column":113}}],"line":63},"21":{"loc":{"start":{"line":64,"column":69},"end":{"line":64,"column":109}},"type":"binary-expr","locations":[{"start":{"line":64,"column":69},"end":{"line":64,"column":101}},{"start":{"line":64,"column":105},"end":{"line":64,"column":109}}],"line":64},"22":{"loc":{"start":{"line":65,"column":69},"end":{"line":65,"column":110}},"type":"binary-expr","locations":[{"start":{"line":65,"column":69},"end":{"line":65,"column":101}},{"start":{"line":65,"column":105},"end":{"line":65,"column":110}}],"line":65},"23":{"loc":{"start":{"line":66,"column":51},"end":{"line":66,"column":83}},"type":"binary-expr","locations":[{"start":{"line":66,"column":51},"end":{"line":66,"column":77}},{"start":{"line":66,"column":81},"end":{"line":66,"column":83}}],"line":66},"24":{"loc":{"start":{"line":67,"column":68},"end":{"line":67,"column":107}},"type":"binary-expr","locations":[{"start":{"line":67,"column":68},"end":{"line":67,"column":99}},{"start":{"line":67,"column":103},"end":{"line":67,"column":107}}],"line":67},"25":{"loc":{"start":{"line":68,"column":70},"end":{"line":68,"column":111}},"type":"binary-expr","locations":[{"start":{"line":68,"column":70},"end":{"line":68,"column":103}},{"start":{"line":68,"column":107},"end":{"line":68,"column":111}}],"line":68},"26":{"loc":{"start":{"line":70,"column":4},"end":{"line":70,"column":56}},"type":"binary-expr","locations":[{"start":{"line":70,"column":4},"end":{"line":70,"column":48}},{"start":{"line":70,"column":52},"end":{"line":70,"column":56}}],"line":70},"27":{"loc":{"start":{"line":71,"column":70},"end":{"line":71,"column":111}},"type":"binary-expr","locations":[{"start":{"line":71,"column":70},"end":{"line":71,"column":103}},{"start":{"line":71,"column":107},"end":{"line":71,"column":111}}],"line":71},"28":{"loc":{"start":{"line":72,"column":50},"end":{"line":72,"column":81}},"type":"binary-expr","locations":[{"start":{"line":72,"column":50},"end":{"line":72,"column":75}},{"start":{"line":72,"column":79},"end":{"line":72,"column":81}}],"line":72},"29":{"loc":{"start":{"line":73,"column":67},"end":{"line":73,"column":105}},"type":"binary-expr","locations":[{"start":{"line":73,"column":67},"end":{"line":73,"column":97}},{"start":{"line":73,"column":101},"end":{"line":73,"column":105}}],"line":73},"30":{"loc":{"start":{"line":74,"column":70},"end":{"line":74,"column":111}},"type":"binary-expr","locations":[{"start":{"line":74,"column":70},"end":{"line":74,"column":103}},{"start":{"line":74,"column":107},"end":{"line":74,"column":111}}],"line":74},"31":{"loc":{"start":{"line":76,"column":4},"end":{"line":76,"column":55}},"type":"binary-expr","locations":[{"start":{"line":76,"column":4},"end":{"line":76,"column":47}},{"start":{"line":76,"column":51},"end":{"line":76,"column":55}}],"line":76},"32":{"loc":{"start":{"line":77,"column":69},"end":{"line":77,"column":109}},"type":"binary-expr","locations":[{"start":{"line":77,"column":69},"end":{"line":77,"column":101}},{"start":{"line":77,"column":105},"end":{"line":77,"column":109}}],"line":77}},"s":{"0":3,"1":3,"2":3,"3":3,"4":4,"5":4,"6":3,"7":3,"8":3,"9":1,"10":1,"11":1,"12":1,"13":3,"14":3,"15":3,"16":0,"17":0,"18":0,"19":0,"20":0,"21":0,"22":0,"23":0,"24":0,"25":0,"26":0,"27":0,"28":0,"29":0,"30":0,"31":0,"32":0,"33":0,"34":0,"35":0,"36":3,"37":3,"38":1,"39":1,"40":3,"41":3},"f":{"0":4,"1":3,"2":1,"3":1,"4":3,"5":3,"6":1},"b":{"0":[1,2],"1":[1,0],"2":[1,0],"3":[1,0],"4":[1,1],"5":[1,0],"6":[1,1],"7":[1,0],"8":[1,0],"9":[1,0],"10":[1,1],"11":[1,0],"12":[1,0],"13":[1,0],"14":[1,1],"15":[1,0],"16":[1,1],"17":[3,0],"18":[0,0],"19":[0,0],"20":[0,0],"21":[0,0],"22":[0,0],"23":[0,0],"24":[0,0],"25":[0,0],"26":[0,0],"27":[0,0],"28":[0,0],"29":[0,0],"30":[0,0],"31":[0,0],"32":[0,0]},"_coverageSchema":"1a1c01bbd47fc00a2c39e90264f33305004495a9","hash":"e1510505c33e2a61fd32047eff92dc6749dd8b02"}
}
