TN:
SF:src\services\ApiService.js
FN:2,(anonymous_0)
FN:7,(anonymous_1)
FN:19,(anonymous_2)
FN:23,(anonymous_3)
FN:33,(anonymous_4)
FN:43,(anonymous_5)
FN:52,(anonymous_6)
FN:56,(anonymous_7)
FN:66,(anonymous_8)
FN:76,(anonymous_9)
FN:85,(anonymous_10)
FN:92,(anonymous_11)
FN:96,(anonymous_12)
FN:106,(anonymous_13)
FN:116,(anonymous_14)
FN:125,(anonymous_15)
FN:129,(anonymous_16)
FN:139,(anonymous_17)
FN:149,(anonymous_18)
FN:157,(anonymous_19)
FN:184,(anonymous_20)
FN:185,(anonymous_21)
FNF:22
FNH:6
FNDA:4,(anonymous_0)
FNDA:4,(anonymous_1)
FNDA:1,(anonymous_2)
FNDA:1,(anonymous_3)
FNDA:1,(anonymous_4)
FNDA:1,(anonymous_5)
FNDA:0,(anonymous_6)
FNDA:0,(anonymous_7)
FNDA:0,(anonymous_8)
FNDA:0,(anonymous_9)
FNDA:0,(anonymous_10)
FNDA:0,(anonymous_11)
FNDA:0,(anonymous_12)
FNDA:0,(anonymous_13)
FNDA:0,(anonymous_14)
FNDA:0,(anonymous_15)
FNDA:0,(anonymous_16)
FNDA:0,(anonymous_17)
FNDA:0,(anonymous_18)
FNDA:0,(anonymous_19)
FNDA:0,(anonymous_20)
FNDA:0,(anonymous_21)
DA:3,4
DA:8,4
DA:10,4
DA:11,1
DA:13,3
DA:20,1
DA:24,1
DA:34,1
DA:44,1
DA:53,0
DA:57,0
DA:67,0
DA:77,0
DA:86,0
DA:93,0
DA:97,0
DA:107,0
DA:117,0
DA:126,0
DA:130,0
DA:140,0
DA:150,0
DA:158,0
DA:159,0
DA:160,0
DA:161,0
DA:163,0
DA:164,0
DA:165,0
DA:168,0
DA:169,0
DA:170,0
DA:173,0
DA:174,0
DA:175,0
DA:178,0
DA:179,0
DA:180,0
DA:185,0
LF:39
LH:9
BRDA:2,0,0,0
BRDA:7,1,0,1
BRDA:10,2,0,1
BRDA:10,2,1,3
BRF:4
BRH:3
end_of_record
TN:
SF:src\ui\uiPreferences.js
FN:6,applyTheme
FN:11,loadSavedTheme
FN:17,handleThemeToggleChange
FN:23,getViewSettings
FN:45,applySavedViewSettings
FN:80,initUiPreferences
FN:82,(anonymous_6)
FNF:7
FNH:7
FNDA:4,applyTheme
FNDA:3,loadSavedTheme
FNDA:1,handleThemeToggleChange
FNDA:1,getViewSettings
FNDA:3,applySavedViewSettings
FNDA:3,initUiPreferences
FNDA:1,(anonymous_6)
DA:1,3
DA:2,3
DA:3,3
DA:4,3
DA:7,4
DA:8,4
DA:12,3
DA:13,3
DA:14,3
DA:18,1
DA:19,1
DA:20,1
DA:24,1
DA:46,3
DA:48,3
DA:49,3
DA:52,0
DA:54,0
DA:55,0
DA:57,0
DA:58,0
DA:61,0
DA:62,0
DA:63,0
DA:64,0
DA:65,0
DA:66,0
DA:67,0
DA:68,0
DA:69,0
DA:71,0
DA:72,0
DA:73,0
DA:74,0
DA:75,0
DA:77,0
DA:81,3
DA:82,3
DA:83,1
DA:84,1
DA:87,3
DA:88,3
LF:42
LH:22
BRDA:13,0,0,1
BRDA:13,0,1,2
BRDA:18,1,0,1
BRDA:18,1,1,0
BRDA:25,2,0,1
BRDA:25,2,1,0
BRDA:26,3,0,1
BRDA:26,3,1,0
BRDA:27,4,0,1
BRDA:27,4,1,1
BRDA:28,5,0,1
BRDA:28,5,1,0
BRDA:29,6,0,1
BRDA:29,6,1,1
BRDA:30,7,0,1
BRDA:30,7,1,0
BRDA:31,8,0,1
BRDA:31,8,1,0
BRDA:32,9,0,1
BRDA:32,9,1,0
BRDA:34,10,0,1
BRDA:34,10,1,1
BRDA:35,11,0,1
BRDA:35,11,1,0
BRDA:36,12,0,1
BRDA:36,12,1,0
BRDA:37,13,0,1
BRDA:37,13,1,0
BRDA:38,14,0,1
BRDA:38,14,1,1
BRDA:40,15,0,1
BRDA:40,15,1,0
BRDA:41,16,0,1
BRDA:41,16,1,1
BRDA:48,17,0,3
BRDA:48,17,1,0
BRDA:61,18,0,0
BRDA:61,18,1,0
BRDA:62,19,0,0
BRDA:62,19,1,0
BRDA:63,20,0,0
BRDA:63,20,1,0
BRDA:64,21,0,0
BRDA:64,21,1,0
BRDA:65,22,0,0
BRDA:65,22,1,0
BRDA:66,23,0,0
BRDA:66,23,1,0
BRDA:67,24,0,0
BRDA:67,24,1,0
BRDA:68,25,0,0
BRDA:68,25,1,0
BRDA:70,26,0,0
BRDA:70,26,1,0
BRDA:71,27,0,0
BRDA:71,27,1,0
BRDA:72,28,0,0
BRDA:72,28,1,0
BRDA:73,29,0,0
BRDA:73,29,1,0
BRDA:74,30,0,0
BRDA:74,30,1,0
BRDA:76,31,0,0
BRDA:76,31,1,0
BRDA:77,32,0,0
BRDA:77,32,1,0
BRF:66
BRH:24
end_of_record
